[debug] [2024-05-01T09:13:55.081Z] ----------------------------------------------------------------------
[debug] [2024-05-01T09:13:55.083Z] Command:       /home/dipluttan/.nvm/versions/node/v20.11.0/bin/node /home/dipluttan/.nvm/versions/node/v14.21.3/bin/firebase init hosting
[debug] [2024-05-01T09:13:55.083Z] CLI Version:   13.7.5
[debug] [2024-05-01T09:13:55.084Z] Platform:      linux
[debug] [2024-05-01T09:13:55.084Z] Node Version:  v20.11.0
[debug] [2024-05-01T09:13:55.084Z] Time:          Wed May 01 2024 14:43:55 GMT+0530 (India Standard Time)
[debug] [2024-05-01T09:13:55.084Z] ----------------------------------------------------------------------
[debug] 
[debug] [2024-05-01T09:13:55.087Z] > command requires scopes: ["email","openid","https://www.googleapis.com/auth/cloudplatformprojects.readonly","https://www.googleapis.com/auth/firebase","https://www.googleapis.com/auth/cloud-platform"]
[debug] [2024-05-01T09:13:55.088Z] > authorizing via signed-in user (dileepkrishnan92@gmail.com)
[info] 
     ######## #### ########  ######## ########     ###     ######  ########
     ##        ##  ##     ## ##       ##     ##  ##   ##  ##       ##
     ######    ##  ########  ######   ########  #########  ######  ######
     ##        ##  ##    ##  ##       ##     ## ##     ##       ## ##
     ##       #### ##     ## ######## ########  ##     ##  ######  ########

You're about to initialize a Firebase project in this directory:

  /home/dipluttan/Desktop/flatkare/frontend

[info] 
=== Project Setup
[info] 
[info] First, let's associate this project directory with a Firebase project.
[info] You can create multiple project aliases by running firebase use --add, 
[info] but for now we'll just set up a default project.
[info] 
[debug] [2024-05-01T09:13:57.550Z] >>> [apiv2][query] GET https://firebase.googleapis.com/v1beta1/projects pageSize=100
[debug] [2024-05-01T09:13:58.675Z] <<< [apiv2][status] GET https://firebase.googleapis.com/v1beta1/projects 200
[debug] [2024-05-01T09:13:58.676Z] <<< [apiv2][body] GET https://firebase.googleapis.com/v1beta1/projects [omitted]
[info] i  Using project apartments-e3b02 (FlatKare) 
[info] 
=== Hosting Setup
[debug] [2024-05-01T09:14:03.340Z] >>> [apiv2][query] GET https://firebase.googleapis.com/v1beta1/projects/apartments-e3b02 [none]
[debug] [2024-05-01T09:14:03.784Z] <<< [apiv2][status] GET https://firebase.googleapis.com/v1beta1/projects/apartments-e3b02 200
[debug] [2024-05-01T09:14:03.784Z] <<< [apiv2][body] GET https://firebase.googleapis.com/v1beta1/projects/apartments-e3b02 {"projectId":"apartments-e3b02","projectNumber":"113153744666","displayName":"FlatKare","name":"projects/apartments-e3b02","resources":{"hostingSite":"apartments-e3b02","realtimeDatabaseInstance":"apartments-e3b02-default-rtdb"},"state":"ACTIVE","etag":"1_307b76de-2724-401c-ad0f-c896c1cb6d03"}
[info] 
[info] Your public directory is the folder (relative to your project directory) that
[info] will contain Hosting assets to be uploaded with firebase deploy. If you
[info] have a build process for your assets, use your build's output directory.
[info] 
[debug] [2024-05-01T09:14:17.238Z] >>> [apiv2][query] GET https://www.gstatic.com/firebasejs/releases.json [none]
[debug] [2024-05-01T09:14:17.820Z] <<< [apiv2][status] GET https://www.gstatic.com/firebasejs/releases.json 200
[debug] [2024-05-01T09:14:17.820Z] <<< [apiv2][body] GET https://www.gstatic.com/firebasejs/releases.json {"current":{"version":"10.11.1","browserURL":"https://www.gstatic.com/firebasejs/10.11.1/firebase.js","packageURL":"https://www.gstatic.com/firebasejs/10.11.1/firebase.tgz"},"live":{"version":"10.11","browserURL":"https://www.gstatic.com/firebasejs/live/10.11/firebase.js","packageURL":"https://www.gstatic.com/firebasejs/live/10.11/firebase.tgz"},"components":{"analytics":"https://www.gstatic.com/firebasejs/10.11.1/firebase-analytics.js","app":"https://www.gstatic.com/firebasejs/10.11.1/firebase-app.js","app-check":"https://www.gstatic.com/firebasejs/10.11.1/firebase-app-check.js","auth":"https://www.gstatic.com/firebasejs/10.11.1/firebase-auth.js","auth/cordova":"https://www.gstatic.com/firebasejs/10.11.1/firebase-auth/cordova.js","auth/web-extension":"https://www.gstatic.com/firebasejs/10.11.1/firebase-auth/web-extension.js","functions":"https://www.gstatic.com/firebasejs/10.11.1/firebase-functions.js","firestore":"https://www.gstatic.com/firebasejs/10.11.1/firebase-firestore.js","firestore/lite":"https://www.gstatic.com/firebasejs/10.11.1/firebase-firestore/lite.js","installations":"https://www.gstatic.com/firebasejs/10.11.1/firebase-installations.js","storage":"https://www.gstatic.com/firebasejs/10.11.1/firebase-storage.js","performance":"https://www.gstatic.com/firebasejs/10.11.1/firebase-performance.js","remote-config":"https://www.gstatic.com/firebasejs/10.11.1/firebase-remote-config.js","messaging":"https://www.gstatic.com/firebasejs/10.11.1/firebase-messaging.js","messaging/sw":"https://www.gstatic.com/firebasejs/10.11.1/firebase-messaging/sw.js","database":"https://www.gstatic.com/firebasejs/10.11.1/firebase-database.js","firestore.memory":"https://www.gstatic.com/firebasejs/10.11.1/firebase-firestore.memory.js"}}
[info] ✔  Wrote public/index.html 
[info] 
[info] i  Detected a .git folder at /home/dipluttan 
[info] i  Authorizing with GitHub to upload your service account to a GitHub repository's secrets store. 
[info] 
[info] Visit this URL on this device to log in:
[info] https://github.com/login/oauth/authorize?client_id=89cf50f02ac6aaed3484&state=303662273&redirect_uri=http%3A%2F%2Flocalhost%3A9005&scope=read%3Auser%20repo%20public_repo
[info] 
[info] Waiting for authentication...
